<?xml version="1.0" encoding="UTF-8"?>
<!-- Generated by org.testng.reporters.JUnitXMLReporter -->
<testsuite hostname="DESKTOP-QVJU989" ignored="2" name="Default test" tests="1" failures="0" timestamp="2021-01-26T20:36:59 EST" time="7.404" errors="0">
  <testcase name="uploadFileSelenium" time="7.381" classname="com.testng.batchNine.MaximoLogin"/>
  <testcase name="MaximoCreateLocation" time="0.0" classname="com.testng.batchNine.MaximoLogin">
    <ignored/>
  </testcase> <!-- MaximoCreateLocation -->
  <testcase name="MaximoCreateAsset" time="0.0" classname="com.testng.batchNine.MaximoLogin">
    <ignored/>
  </testcase> <!-- MaximoCreateAsset -->
</testsuite> <!-- Default test -->
