<?xml version="1.0" encoding="UTF-8"?>
<testng-results skipped="0" failed="0" ignored="2" total="3" passed="1">
  <reporter-output>
  </reporter-output>
  <suite name="Default suite" duration-ms="7404" started-at="2021-01-26T20:36:52 EST" finished-at="2021-01-26T20:36:59 EST">
    <groups>
    </groups>
    <test name="Default test" duration-ms="7404" started-at="2021-01-26T20:36:52 EST" finished-at="2021-01-26T20:36:59 EST">
      <class name="com.testng.batchNine.MaximoLogin">
        <test-method status="PASS" signature="uploadFileSelenium()[pri:0, instance:com.testng.batchNine.MaximoLogin@1e6d1014]" name="uploadFileSelenium" duration-ms="7381" started-at="2021-01-26T20:36:52 EST" finished-at="2021-01-26T20:36:59 EST">
          <reporter-output>
          </reporter-output>
        </test-method> <!-- uploadFileSelenium -->
      </class> <!-- com.testng.batchNine.MaximoLogin -->
    </test> <!-- Default test -->
  </suite> <!-- Default suite -->
</testng-results>
